<?xml version="1.0" encoding="UTF-8"?>
<!-- Generated by org.testng.reporters.JUnitReportReporter -->
<testsuite hostname="DESKTOP-UV8RDD7" failures="0" tests="1" name="testCases.Bank_Customer_Login" time="0.095" errors="0" timestamp="2021-04-18T23:34:04 IST" skipped="0">
  <testcase classname="testCases.Bank_Customer_Login" name="Login" time="0.095"/>
  <system-out/>
</testsuite> <!-- testCases.Bank_Customer_Login -->
