<?xml version="1.0" encoding="UTF-8"?>
<!-- Generated by org.testng.reporters.JUnitReportReporter -->
<testsuite hostname="DESKTOP-UV8RDD7" failures="0" tests="3" name="testCases.AddCustomerTest" time="2.053" errors="0" timestamp="2021-04-18T23:34:04 IST" skipped="0">
  <testcase classname="testCases.AddCustomerTest" name="addCustomer" time="1.059"/>
  <system-out/>
  <testcase classname="testCases.AddCustomerTest" name="addCustomer" time="0.472"/>
  <system-out/>
  <testcase classname="testCases.AddCustomerTest" name="addCustomer" time="0.522"/>
  <system-out/>
</testsuite> <!-- testCases.AddCustomerTest -->
