<?xml version="1.0" encoding="UTF-8"?>
<!-- Generated by org.testng.reporters.JUnitReportReporter -->
<testsuite hostname="DESKTOP-UV8RDD7" failures="0" tests="5" name="testCases.TestCase2" time="0.033" errors="0" timestamp="2021-04-15T17:26:05 IST" skipped="0">
  <testcase classname="testCases.TestCase2" name="LoginTest" time="0.002"/>
  <system-out/>
  <testcase classname="testCases.TestCase2" name="LoginTest" time="0.007"/>
  <system-out/>
  <testcase classname="testCases.TestCase2" name="LoginTest" time="0.006"/>
  <system-out/>
  <testcase classname="testCases.TestCase2" name="LoginTest" time="0.003"/>
  <system-out/>
  <testcase classname="testCases.TestCase2" name="LoginTest" time="0.015"/>
  <system-out/>
</testsuite> <!-- testCases.TestCase2 -->
