<?xml version="1.0" encoding="UTF-8"?>
<!-- Generated by org.testng.reporters.JUnitReportReporter -->
<testsuite hostname="DESKTOP-UV8RDD7" failures="0" tests="2" name="testCases.TestCase1" time="0.795" errors="0" timestamp="2021-04-15T17:26:05 IST" skipped="0">
  <testcase classname="testCases.TestCase1" name="secondTest" time="0.408"/>
  <system-out/>
  <testcase classname="testCases.TestCase1" name="secondTest" time="0.387"/>
  <system-out/>
</testsuite> <!-- testCases.TestCase1 -->
