<?xml version="1.0" encoding="UTF-8"?>
<!-- Generated by org.testng.reporters.JUnitReportReporter -->
<testsuite hostname="DESKTOP-UV8RDD7" failures="0" tests="1" name="testCases.Bank_Customer_Login" time="0.176" errors="0" timestamp="18 Apr 2021 18:41:01 GMT" skipped="0">
  <testcase classname="testCases.Bank_Customer_Login" name="Login" time="0.176"/>
</testsuite> <!-- testCases.Bank_Customer_Login -->
