<?xml version="1.0" encoding="UTF-8"?>
<!-- Generated by org.testng.reporters.JUnitReportReporter -->
<testsuite hostname="DESKTOP-UV8RDD7" failures="0" tests="1" name="testCases.OpenAccountTest" time="0.852" errors="0" timestamp="18 Apr 2021 18:41:01 GMT" skipped="0">
  <testcase classname="testCases.OpenAccountTest" name="OpenAccount" time="0.852"/>
</testsuite> <!-- testCases.OpenAccountTest -->
